Arguments: 
  /usr/local/bin/node /usr/local/Cellar/yarn/1.19.1/libexec/bin/yarn.js install --check-files

PATH: 
  /usr/local/bin:/usr/bin:/bin:/usr/sbin:/sbin:/Library/Apple/usr/bin:/Library/Apple/bin:/usr/local/share/dotnet:~/.dotnet/tools:/Library/Frameworks/Mono.framework/Versions/Current/Commands

Yarn version: 
  1.19.1

Node version: 
  10.16.3

Platform: 
  darwin x64

Trace: 
  SyntaxError: /Users/kylajohnson/fitness_log/workout_log/package.json: Unexpected token / in JSON at position 241
      at JSON.parse (<anonymous>)
      at /usr/local/Cellar/yarn/1.19.1/libexec/lib/cli.js:1625:59
      at Generator.next (<anonymous>)
      at step (/usr/local/Cellar/yarn/1.19.1/libexec/lib/cli.js:304:30)
      at /usr/local/Cellar/yarn/1.19.1/libexec/lib/cli.js:315:13

npm manifest: 
  {
   "name": "workout_log",
    "private": true,
    "dependencies": {
      "@rails/ujs": "^6.0.0-alpha",
      "turbolinks": "^5.2.0",
      "@rails/activestorage": "^6.0.0-alpha",
      "@rails/actioncable": "^6.0.0-alpha"
    },
    "version": "0.1.0"
  }
  
  // {
  //   "name": "workout_log",
  //   "private": true,
  //   "dependencies": {
  //     "@rails/actioncable": "^6.0.0-alpha",
  //     "@rails/activestorage": "^6.0.0-alpha",
  //     "@rails/ujs": "^6.0.0-alpha",
  //     "@rails/webpacker": "^4.0.7",
  //     "turbolinks": "^5.2.0",
  //     "vue": "^2.6.10",
  //     "vue-loader": "^15.7.1",
  //     "vue-template-compiler": "^2.6.10"
  //   },
  //   "version": "0.1.0",
  //   "devDependencies": {
  //     "webpack-dev-server": "^3.9.0"
  //   }
  // }

yarn manifest: 
  No manifest

Lockfile: 
  # THIS IS AN AUTOGENERATED FILE. DO NOT EDIT THIS FILE DIRECTLY.
  # yarn lockfile v1
  
  
  "@rails/actioncable@^6.0.0-alpha":
    version "6.0.0"
    resolved "https://registry.yarnpkg.com/@rails/actioncable/-/actioncable-6.0.0.tgz#8bff9c902be1531ef7a9e191562e9771efcfdfe1"
    integrity sha512-DieouotYHpI6k2EGTCnh1eMvD3W8p3zqjWXEYj4z0khJ+A0qQ5tHxihjTEkio54MVwqHt1DcpUm2woh2n/alCA==
  
  "@rails/activestorage@^6.0.0-alpha":
    version "6.0.0"
    resolved "https://registry.yarnpkg.com/@rails/activestorage/-/activestorage-6.0.0.tgz#6d9cc98f3dcf195c38ca65e80acd2e759336dd7a"
    integrity sha512-RZqTVlUYSWcI88pSJ7ImuTtDYQvqVc2PNuOo+5R3hcVupD+d2TO8xmluqQ5TvByjPqKX4acEK0mjEIK5ip9kCg==
    dependencies:
      spark-md5 "^3.0.0"
  
  "@rails/ujs@^6.0.0-alpha":
    version "6.0.0"
    resolved "https://registry.yarnpkg.com/@rails/ujs/-/ujs-6.0.0.tgz#6c1957870ba075f7e82fdf875f5ed2181ff9355e"
    integrity sha512-0oh/MnpZzluItU/vgaxZv+JtMXxOtA0HPK6ZiMoPd2sLH06q58QdCKPVlC36YMnP4451rcrvxO6xns3w97C1og==
  
  spark-md5@^3.0.0:
    version "3.0.0"
    resolved "https://registry.yarnpkg.com/spark-md5/-/spark-md5-3.0.0.tgz#3722227c54e2faf24b1dc6d933cc144e6f71bfef"
    integrity sha1-NyIifFTi+vJLHcbZM8wUTm9xv+8=
  
  turbolinks@^5.2.0:
    version "5.2.0"
    resolved "https://registry.yarnpkg.com/turbolinks/-/turbolinks-5.2.0.tgz#e6877a55ea5c1cb3bb225f0a4ae303d6d32ff77c"
    integrity sha512-pMiez3tyBo6uRHFNNZoYMmrES/IaGgMhQQM+VFF36keryjb5ms0XkVpmKHkfW/4Vy96qiGW3K9bz0tF5sK9bBw==
